<?xml version="1.0" encoding="UTF-8"?>
<!-- Generated by org.testng.reporters.JUnitReportReporter -->
<testsuite skipped="0" hostname="TL0017" name="testcase.Loginlogout" tests="2" failures="0" timestamp="2022-02-07T12:55:40 IST" time="14.107" errors="0">
  <testcase name="runLoginAndLogout" time="9.244" classname="testcase.Loginlogout"/>
  <system-out/>
  <testcase name="runLoginAndLogout" time="4.863" classname="testcase.Loginlogout"/>
  <system-out/>
</testsuite> <!-- testcase.Loginlogout -->
